#-----------------------------------------------------------
# Vivado v2018.2 (64-bit)
# SW Build 2258646 on Thu Jun 14 20:03:12 MDT 2018
# IP Build 2256618 on Thu Jun 14 22:10:49 MDT 2018
# Start of session at: Sun Feb 11 14:22:49 2024
# Process ID: 24992
# Current directory: C:/Users/Alexander.Sick/Vivado/ece281-ice3
# Command line: vivado.exe -gui_launcher_event rodinguilauncherevent19620 C:\Users\Alexander.Sick\Vivado\ece281-ice3\fullAdder.xpr
# Log file: C:/Users/Alexander.Sick/Vivado/ece281-ice3/vivado.log
# Journal file: C:/Users/Alexander.Sick/Vivado/ece281-ice3\vivado.jou
#-----------------------------------------------------------
start_gui
open_project C:/Users/Alexander.Sick/Vivado/ece281-ice3/fullAdder.xpr
Scanning sources...
Finished scanning sources
INFO: [IP_Flow 19-234] Refreshing IP repositories
INFO: [IP_Flow 19-1704] No user IP repositories specified
INFO: [IP_Flow 19-2313] Loaded Vivado IP repository 'C:/Xilinx/Vivado/2018.2/data/ip'.
open_project: Time (s): cpu = 00:00:05 ; elapsed = 00:00:10 . Memory (MB): peak = 780.547 ; gain = 68.379
launch_simulation
INFO: [Vivado 12-5682] Launching behavioral simulation in 'C:/Users/Alexander.Sick/Vivado/ece281-ice3/fullAdder.sim/sim_1/behav/xsim'
INFO: [SIM-utils-51] Simulation object is 'sim_1'
INFO: [SIM-utils-54] Inspecting design source files for 'top_basys3_tb' in fileset 'sim_1'...
INFO: [USF-XSim-97] Finding global include files...
INFO: [USF-XSim-101] Fetching design files from 'sim_1'...
INFO: [USF-XSim-2] XSim::Compile design
INFO: [USF-XSim-61] Executing 'COMPILE and ANALYZE' step in 'C:/Users/Alexander.Sick/Vivado/ece281-ice3/fullAdder.sim/sim_1/behav/xsim'
"xvhdl --incr --relax -prj top_basys3_tb_vhdl.prj"
INFO: [VRFC 10-163] Analyzing VHDL file "C:/Users/Alexander.Sick/Vivado/ece281-ice3/src/hdl/top_basys3_tb.vhd" into library xil_defaultlib
INFO: [VRFC 10-307] analyzing entity top_basys3_tb
INFO: [USF-XSim-69] 'compile' step finished in '1' seconds
INFO: [USF-XSim-3] XSim::Elaborate design
INFO: [USF-XSim-61] Executing 'ELABORATE' step in 'C:/Users/Alexander.Sick/Vivado/ece281-ice3/fullAdder.sim/sim_1/behav/xsim'
Vivado Simulator 2018.2
Copyright 1986-1999, 2001-2018 Xilinx, Inc. All Rights Reserved.
Running: C:/Xilinx/Vivado/2018.2/bin/unwrapped/win64.o/xelab.exe -wto ea1aea8553474ced85dc86dcdbbeee49 --incr --debug typical --relax --mt 2 -L xil_defaultlib -L secureip --snapshot top_basys3_tb_behav xil_defaultlib.top_basys3_tb -log elaborate.log 
Using 2 slave threads.
Starting static elaboration
WARNING: [VRFC 10-122] halfadder remains a black-box since it has no binding entity [C:/Users/Alexander.Sick/Vivado/ece281-ice3/src/hdl/top_basys3_tb.vhd:82]
WARNING: [VRFC 10-122] halfadder remains a black-box since it has no binding entity [C:/Users/Alexander.Sick/Vivado/ece281-ice3/src/hdl/top_basys3_tb.vhd:90]
Completed static elaboration
Starting simulation data flow analysis
Completed simulation data flow analysis
Time Resolution for simulation is 1ps
Compiling package std.standard
Compiling package std.textio
Compiling package ieee.std_logic_1164
Compiling package ieee.numeric_std
Compiling architecture top_basys3_arch of entity xil_defaultlib.top_basys3 [top_basys3_default]
Compiling architecture test_bench of entity xil_defaultlib.top_basys3_tb
Built simulation snapshot top_basys3_tb_behav
INFO: [USF-XSim-69] 'elaborate' step finished in '2' seconds
INFO: [USF-XSim-4] XSim::Simulate design
INFO: [USF-XSim-61] Executing 'SIMULATE' step in 'C:/Users/Alexander.Sick/Vivado/ece281-ice3/fullAdder.sim/sim_1/behav/xsim'
INFO: [USF-XSim-98] *** Running xsim
   with args "top_basys3_tb_behav -key {Behavioral:sim_1:Functional:top_basys3_tb} -tclbatch {top_basys3_tb.tcl} -log {simulate.log}"
INFO: [USF-XSim-8] Loading simulator feature
Vivado Simulator 2018.2
Time resolution is 1 ps
source top_basys3_tb.tcl
# set curr_wave [current_wave_config]
# if { [string length $curr_wave] == 0 } {
#   if { [llength [get_objects]] > 0} {
#     add_wave /
#     set_property needs_save false [current_wave_config]
#   } else {
#      send_msg_id Add_Wave-1 WARNING "No top level signals found. Simulator will start without a wave window. If you want to open a wave window go to 'File->New Waveform Configuration' or type 'create_wave_config' in the TCL console."
#   }
# }
# run 1000ns
Failure: bad o0
Time: 10 ns  Iteration: 0  Process: /top_basys3_tb/test_process  File: C:/Users/Alexander.Sick/Vivado/ece281-ice3/src/hdl/top_basys3_tb.vhd
$finish called at time : 10 ns : File "C:/Users/Alexander.Sick/Vivado/ece281-ice3/src/hdl/top_basys3_tb.vhd" Line 91
INFO: [USF-XSim-96] XSim completed. Design snapshot 'top_basys3_tb_behav' loaded.
INFO: [USF-XSim-97] XSim simulation ran for 1000ns
launch_simulation: Time (s): cpu = 00:00:02 ; elapsed = 00:00:06 . Memory (MB): peak = 815.188 ; gain = 10.238
close_sim
INFO: [Simtcl 6-16] Simulation closed
launch_simulation
INFO: [Vivado 12-5682] Launching behavioral simulation in 'C:/Users/Alexander.Sick/Vivado/ece281-ice3/fullAdder.sim/sim_1/behav/xsim'
INFO: [SIM-utils-51] Simulation object is 'sim_1'
INFO: [SIM-utils-54] Inspecting design source files for 'top_basys3_tb' in fileset 'sim_1'...
INFO: [USF-XSim-97] Finding global include files...
INFO: [USF-XSim-101] Fetching design files from 'sim_1'...
INFO: [USF-XSim-2] XSim::Compile design
INFO: [USF-XSim-61] Executing 'COMPILE and ANALYZE' step in 'C:/Users/Alexander.Sick/Vivado/ece281-ice3/fullAdder.sim/sim_1/behav/xsim'
"xvhdl --incr --relax -prj top_basys3_tb_vhdl.prj"
INFO: [VRFC 10-163] Analyzing VHDL file "C:/Users/Alexander.Sick/Vivado/ece281-ice3/src/hdl/top_basys3_tb.vhd" into library xil_defaultlib
INFO: [VRFC 10-307] analyzing entity top_basys3_tb
INFO: [USF-XSim-69] 'compile' step finished in '2' seconds
INFO: [USF-XSim-3] XSim::Elaborate design
INFO: [USF-XSim-61] Executing 'ELABORATE' step in 'C:/Users/Alexander.Sick/Vivado/ece281-ice3/fullAdder.sim/sim_1/behav/xsim'
Vivado Simulator 2018.2
Copyright 1986-1999, 2001-2018 Xilinx, Inc. All Rights Reserved.
Running: C:/Xilinx/Vivado/2018.2/bin/unwrapped/win64.o/xelab.exe -wto ea1aea8553474ced85dc86dcdbbeee49 --incr --debug typical --relax --mt 2 -L xil_defaultlib -L secureip --snapshot top_basys3_tb_behav xil_defaultlib.top_basys3_tb -log elaborate.log 
Using 2 slave threads.
Starting static elaboration
WARNING: [VRFC 10-122] halfadder remains a black-box since it has no binding entity [C:/Users/Alexander.Sick/Vivado/ece281-ice3/src/hdl/top_basys3_tb.vhd:82]
WARNING: [VRFC 10-122] halfadder remains a black-box since it has no binding entity [C:/Users/Alexander.Sick/Vivado/ece281-ice3/src/hdl/top_basys3_tb.vhd:90]
Completed static elaboration
Starting simulation data flow analysis
Completed simulation data flow analysis
Time Resolution for simulation is 1ps
Compiling package std.standard
Compiling package std.textio
Compiling package ieee.std_logic_1164
Compiling package ieee.numeric_std
Compiling architecture top_basys3_arch of entity xil_defaultlib.top_basys3 [top_basys3_default]
Compiling architecture test_bench of entity xil_defaultlib.top_basys3_tb
Built simulation snapshot top_basys3_tb_behav
INFO: [USF-XSim-69] 'elaborate' step finished in '3' seconds
INFO: [USF-XSim-4] XSim::Simulate design
INFO: [USF-XSim-61] Executing 'SIMULATE' step in 'C:/Users/Alexander.Sick/Vivado/ece281-ice3/fullAdder.sim/sim_1/behav/xsim'
INFO: [USF-XSim-98] *** Running xsim
   with args "top_basys3_tb_behav -key {Behavioral:sim_1:Functional:top_basys3_tb} -tclbatch {top_basys3_tb.tcl} -log {simulate.log}"
INFO: [USF-XSim-8] Loading simulator feature
Vivado Simulator 2018.2
Time resolution is 1 ps
source top_basys3_tb.tcl
# set curr_wave [current_wave_config]
# if { [string length $curr_wave] == 0 } {
#   if { [llength [get_objects]] > 0} {
#     add_wave /
#     set_property needs_save false [current_wave_config]
#   } else {
#      send_msg_id Add_Wave-1 WARNING "No top level signals found. Simulator will start without a wave window. If you want to open a wave window go to 'File->New Waveform Configuration' or type 'create_wave_config' in the TCL console."
#   }
# }
# run 1000ns
Failure: bad o0
Time: 10 ns  Iteration: 0  Process: /top_basys3_tb/test_process  File: C:/Users/Alexander.Sick/Vivado/ece281-ice3/src/hdl/top_basys3_tb.vhd
$finish called at time : 10 ns : File "C:/Users/Alexander.Sick/Vivado/ece281-ice3/src/hdl/top_basys3_tb.vhd" Line 91
INFO: [USF-XSim-96] XSim completed. Design snapshot 'top_basys3_tb_behav' loaded.
INFO: [USF-XSim-97] XSim simulation ran for 1000ns
launch_simulation: Time (s): cpu = 00:00:01 ; elapsed = 00:00:07 . Memory (MB): peak = 844.320 ; gain = 0.000
close_sim
INFO: [Simtcl 6-16] Simulation closed
launch_simulation
INFO: [Vivado 12-5682] Launching behavioral simulation in 'C:/Users/Alexander.Sick/Vivado/ece281-ice3/fullAdder.sim/sim_1/behav/xsim'
INFO: [SIM-utils-51] Simulation object is 'sim_1'
INFO: [SIM-utils-54] Inspecting design source files for 'top_basys3_tb' in fileset 'sim_1'...
INFO: [USF-XSim-97] Finding global include files...
INFO: [USF-XSim-101] Fetching design files from 'sim_1'...
INFO: [USF-XSim-2] XSim::Compile design
INFO: [USF-XSim-61] Executing 'COMPILE and ANALYZE' step in 'C:/Users/Alexander.Sick/Vivado/ece281-ice3/fullAdder.sim/sim_1/behav/xsim'
"xvhdl --incr --relax -prj top_basys3_tb_vhdl.prj"
INFO: [VRFC 10-163] Analyzing VHDL file "C:/Users/Alexander.Sick/Vivado/ece281-ice3/src/hdl/top_basys3_tb.vhd" into library xil_defaultlib
INFO: [VRFC 10-307] analyzing entity top_basys3_tb
INFO: [USF-XSim-69] 'compile' step finished in '1' seconds
INFO: [USF-XSim-3] XSim::Elaborate design
INFO: [USF-XSim-61] Executing 'ELABORATE' step in 'C:/Users/Alexander.Sick/Vivado/ece281-ice3/fullAdder.sim/sim_1/behav/xsim'
Vivado Simulator 2018.2
Copyright 1986-1999, 2001-2018 Xilinx, Inc. All Rights Reserved.
Running: C:/Xilinx/Vivado/2018.2/bin/unwrapped/win64.o/xelab.exe -wto ea1aea8553474ced85dc86dcdbbeee49 --incr --debug typical --relax --mt 2 -L xil_defaultlib -L secureip --snapshot top_basys3_tb_behav xil_defaultlib.top_basys3_tb -log elaborate.log 
Using 2 slave threads.
Starting static elaboration
WARNING: [VRFC 10-122] halfadder remains a black-box since it has no binding entity [C:/Users/Alexander.Sick/Vivado/ece281-ice3/src/hdl/top_basys3_tb.vhd:82]
WARNING: [VRFC 10-122] halfadder remains a black-box since it has no binding entity [C:/Users/Alexander.Sick/Vivado/ece281-ice3/src/hdl/top_basys3_tb.vhd:90]
Completed static elaboration
Starting simulation data flow analysis
Completed simulation data flow analysis
Time Resolution for simulation is 1ps
Compiling package std.standard
Compiling package std.textio
Compiling package ieee.std_logic_1164
Compiling package ieee.numeric_std
Compiling architecture top_basys3_arch of entity xil_defaultlib.top_basys3 [top_basys3_default]
Compiling architecture test_bench of entity xil_defaultlib.top_basys3_tb
Built simulation snapshot top_basys3_tb_behav
INFO: [USF-XSim-69] 'elaborate' step finished in '2' seconds
INFO: [USF-XSim-4] XSim::Simulate design
INFO: [USF-XSim-61] Executing 'SIMULATE' step in 'C:/Users/Alexander.Sick/Vivado/ece281-ice3/fullAdder.sim/sim_1/behav/xsim'
INFO: [USF-XSim-98] *** Running xsim
   with args "top_basys3_tb_behav -key {Behavioral:sim_1:Functional:top_basys3_tb} -tclbatch {top_basys3_tb.tcl} -log {simulate.log}"
INFO: [USF-XSim-8] Loading simulator feature
Vivado Simulator 2018.2
Time resolution is 1 ps
source top_basys3_tb.tcl
# set curr_wave [current_wave_config]
# if { [string length $curr_wave] == 0 } {
#   if { [llength [get_objects]] > 0} {
#     add_wave /
#     set_property needs_save false [current_wave_config]
#   } else {
#      send_msg_id Add_Wave-1 WARNING "No top level signals found. Simulator will start without a wave window. If you want to open a wave window go to 'File->New Waveform Configuration' or type 'create_wave_config' in the TCL console."
#   }
# }
# run 1000ns
Failure: bad o0
Time: 10 ns  Iteration: 0  Process: /top_basys3_tb/test_process  File: C:/Users/Alexander.Sick/Vivado/ece281-ice3/src/hdl/top_basys3_tb.vhd
$finish called at time : 10 ns : File "C:/Users/Alexander.Sick/Vivado/ece281-ice3/src/hdl/top_basys3_tb.vhd" Line 91
INFO: [USF-XSim-96] XSim completed. Design snapshot 'top_basys3_tb_behav' loaded.
INFO: [USF-XSim-97] XSim simulation ran for 1000ns
launch_simulation: Time (s): cpu = 00:00:04 ; elapsed = 00:00:05 . Memory (MB): peak = 869.633 ; gain = 25.312
launch_runs impl_1 -to_step write_bitstream -jobs 4
[Sun Feb 11 14:31:20 2024] Launched synth_1...
Run output will be captured here: C:/Users/Alexander.Sick/Vivado/ece281-ice3/fullAdder.runs/synth_1/runme.log
[Sun Feb 11 14:31:20 2024] Launched impl_1...
Run output will be captured here: C:/Users/Alexander.Sick/Vivado/ece281-ice3/fullAdder.runs/impl_1/runme.log
open_hw
connect_hw_server
INFO: [Labtools 27-2285] Connecting to hw_server url TCP:localhost:3121
INFO: [Labtools 27-2222] Launching hw_server...
INFO: [Labtools 27-2221] Launch Output:

****** Xilinx hw_server v2018.2
  **** Build date : Jun 14 2018-20:42:52
    ** Copyright 1986-2018 Xilinx, Inc. All Rights Reserved.


connect_hw_server: Time (s): cpu = 00:00:01 ; elapsed = 00:00:05 . Memory (MB): peak = 872.363 ; gain = 1.086
open_hw_target
INFO: [Labtoolstcl 44-466] Opening hw_target localhost:3121/xilinx_tcf/Digilent/210183A4DDEDA
current_hw_device [get_hw_devices xc7a35t_0]
refresh_hw_device -update_hw_probes false [lindex [get_hw_devices xc7a35t_0] 0]
INFO: [Labtools 27-1434] Device xc7a35t (JTAG device index = 0) is programmed with a design that has no supported debug core(s) in it.
WARNING: [Labtools 27-3361] The debug hub core was not detected.
Resolution: 
1. Make sure the clock connected to the debug hub (dbg_hub) core is a free running clock and is active.
2. Make sure the BSCAN_SWITCH_USER_MASK device property in Vivado Hardware Manager reflects the user scan chain setting in the design and refresh the device.  To determine the user scan chain setting in the design, open the implemented design and use 'get_property C_USER_SCAN_CHAIN [get_debug_cores dbg_hub]'.
For more details on setting the scan chain property, consult the Vivado Debug and Programming User Guide (UG908).
reset_run synth_1
launch_runs impl_1 -to_step write_bitstream -jobs 4
[Sun Feb 11 14:33:48 2024] Launched synth_1...
Run output will be captured here: C:/Users/Alexander.Sick/Vivado/ece281-ice3/fullAdder.runs/synth_1/runme.log
[Sun Feb 11 14:33:48 2024] Launched impl_1...
Run output will be captured here: C:/Users/Alexander.Sick/Vivado/ece281-ice3/fullAdder.runs/impl_1/runme.log
open_run impl_1
INFO: [Netlist 29-17] Analyzing 3 Unisim elements for replacement
INFO: [Netlist 29-28] Unisim Transformation completed in 0 CPU seconds
INFO: [Project 1-479] Netlist was created with Vivado 2018.2
INFO: [Device 21-403] Loading part xc7a35tcpg236-1
INFO: [Project 1-570] Preparing netlist for logic optimization
INFO: [Timing 38-478] Restoring timing data from binary archive.
INFO: [Timing 38-479] Binary timing data restore complete.
INFO: [Project 1-856] Restoring constraints from binary archive.
INFO: [Project 1-853] Binary constraint restore complete.
Reading XDEF placement.
Reading placer database...
Reading XDEF routing.
Read XDEF File: Time (s): cpu = 00:00:00 ; elapsed = 00:00:00.058 . Memory (MB): peak = 2313.957 ; gain = 0.000
Restored from archive | CPU: 0.000000 secs | Memory: 0.000000 MB |
Finished XDEF File Restore: Time (s): cpu = 00:00:00 ; elapsed = 00:00:00.059 . Memory (MB): peak = 2313.957 ; gain = 0.000
INFO: [Project 1-111] Unisim Transformation Summary:
No Unisim elements were transformed.

open_run: Time (s): cpu = 00:00:24 ; elapsed = 00:00:30 . Memory (MB): peak = 2419.016 ; gain = 873.598
WARNING: [Timing 38-313] There are no user specified timing constraints. Timing constraints are needed for proper timing analysis.
set_property PROBES.FILE {} [get_hw_devices xc7a35t_0]
set_property FULL_PROBES.FILE {} [get_hw_devices xc7a35t_0]
set_property PROGRAM.FILE {C:/Users/Alexander.Sick/Vivado/ece281-ice3/fullAdder.runs/impl_1/top_basys3.bit} [get_hw_devices xc7a35t_0]
program_hw_devices [get_hw_devices xc7a35t_0]
INFO: [Labtools 27-3164] End of startup status: HIGH
refresh_hw_device [lindex [get_hw_devices xc7a35t_0] 0]
INFO: [Labtools 27-1434] Device xc7a35t (JTAG device index = 0) is programmed with a design that has no supported debug core(s) in it.
WARNING: [Labtools 27-3361] The debug hub core was not detected.
Resolution: 
1. Make sure the clock connected to the debug hub (dbg_hub) core is a free running clock and is active.
2. Make sure the BSCAN_SWITCH_USER_MASK device property in Vivado Hardware Manager reflects the user scan chain setting in the design and refresh the device.  To determine the user scan chain setting in the design, open the implemented design and use 'get_property C_USER_SCAN_CHAIN [get_debug_cores dbg_hub]'.
For more details on setting the scan chain property, consult the Vivado Debug and Programming User Guide (UG908).
ERROR: [Labtoolstcl 44-513] HW Target shutdown. Closing target: localhost:3121/xilinx_tcf/Digilent/210183A4DDEDA
close_hw
set_property SOURCE_SET {} [get_filesets sim_1]
add_files -fileset sim_1 -norecurse {C:/Users/Alexander.Sick/Vivado/ece281-ice3/src/hdl/halfAdder.vhd C:/Users/Alexander.Sick/Vivado/ece281-ice3/src/hdl/top_basys3.vhd}
close_sim
INFO: [Simtcl 6-16] Simulation closed
launch_simulation
INFO: [Vivado 12-5682] Launching behavioral simulation in 'C:/Users/Alexander.Sick/Vivado/ece281-ice3/fullAdder.sim/sim_1/behav/xsim'
INFO: [SIM-utils-51] Simulation object is 'sim_1'
INFO: [SIM-utils-54] Inspecting design source files for 'top_basys3_tb' in fileset 'sim_1'...
INFO: [USF-XSim-97] Finding global include files...
INFO: [USF-XSim-101] Fetching design files from 'sim_1'...
INFO: [USF-XSim-2] XSim::Compile design
INFO: [USF-XSim-61] Executing 'COMPILE and ANALYZE' step in 'C:/Users/Alexander.Sick/Vivado/ece281-ice3/fullAdder.sim/sim_1/behav/xsim'
"xvhdl --incr --relax -prj top_basys3_tb_vhdl.prj"
INFO: [VRFC 10-163] Analyzing VHDL file "C:/Users/Alexander.Sick/Vivado/ece281-ice3/src/hdl/halfAdder.vhd" into library xil_defaultlib
INFO: [VRFC 10-307] analyzing entity halfAdder
INFO: [VRFC 10-163] Analyzing VHDL file "C:/Users/Alexander.Sick/Vivado/ece281-ice3/src/hdl/top_basys3.vhd" into library xil_defaultlib
INFO: [VRFC 10-307] analyzing entity top_basys3
INFO: [USF-XSim-69] 'compile' step finished in '2' seconds
INFO: [USF-XSim-3] XSim::Elaborate design
INFO: [USF-XSim-61] Executing 'ELABORATE' step in 'C:/Users/Alexander.Sick/Vivado/ece281-ice3/fullAdder.sim/sim_1/behav/xsim'
Vivado Simulator 2018.2
Copyright 1986-1999, 2001-2018 Xilinx, Inc. All Rights Reserved.
Running: C:/Xilinx/Vivado/2018.2/bin/unwrapped/win64.o/xelab.exe -wto ea1aea8553474ced85dc86dcdbbeee49 --incr --debug typical --relax --mt 2 -L xil_defaultlib -L secureip --snapshot top_basys3_tb_behav xil_defaultlib.top_basys3_tb -log elaborate.log 
Using 2 slave threads.
Starting static elaboration
Completed static elaboration
Starting simulation data flow analysis
Completed simulation data flow analysis
Time Resolution for simulation is 1ps
Compiling package std.standard
Compiling package std.textio
Compiling package ieee.std_logic_1164
Compiling package ieee.numeric_std
Compiling architecture halfadder_arch of entity xil_defaultlib.halfAdder [halfadder_default]
Compiling architecture top_basys3_arch of entity xil_defaultlib.top_basys3 [top_basys3_default]
Compiling architecture test_bench of entity xil_defaultlib.top_basys3_tb
Built simulation snapshot top_basys3_tb_behav
INFO: [USF-XSim-69] 'elaborate' step finished in '3' seconds
INFO: [USF-XSim-4] XSim::Simulate design
INFO: [USF-XSim-61] Executing 'SIMULATE' step in 'C:/Users/Alexander.Sick/Vivado/ece281-ice3/fullAdder.sim/sim_1/behav/xsim'
INFO: [USF-XSim-98] *** Running xsim
   with args "top_basys3_tb_behav -key {Behavioral:sim_1:Functional:top_basys3_tb} -tclbatch {top_basys3_tb.tcl} -log {simulate.log}"
INFO: [USF-XSim-8] Loading simulator feature
Vivado Simulator 2018.2
Time resolution is 1 ps
source top_basys3_tb.tcl
# set curr_wave [current_wave_config]
# if { [string length $curr_wave] == 0 } {
#   if { [llength [get_objects]] > 0} {
#     add_wave /
#     set_property needs_save false [current_wave_config]
#   } else {
#      send_msg_id Add_Wave-1 WARNING "No top level signals found. Simulator will start without a wave window. If you want to open a wave window go to 'File->New Waveform Configuration' or type 'create_wave_config' in the TCL console."
#   }
# }
# run 1000ns
INFO: [USF-XSim-96] XSim completed. Design snapshot 'top_basys3_tb_behav' loaded.
INFO: [USF-XSim-97] XSim simulation ran for 1000ns
launch_simulation: Time (s): cpu = 00:00:01 ; elapsed = 00:00:07 . Memory (MB): peak = 2577.543 ; gain = 0.000
